# JRE version: Java(TM) SE Runtime Environment (8.0_101-b13) (build 1.8.0_101-b13)
# Java VM: Java HotSpot(TM) 64-Bit Server VM (25.101-b13 mixed mode windows-amd64 compressed oops)
Heap:
 PSYoungGen      total 129024K, used 97737K [0x00000000d5c00000, 0x0000000100000000, 0x0000000100000000)
  eden space 128512K, 76% used [0x00000000d5c00000,0x00000000dbb62710,0x00000000dd980000)
  from space 512K, 12% used [0x00000000fff00000,0x00000000fff10000,0x00000000fff80000)
  to   space 512K, 0% used [0x00000000fff80000,0x00000000fff80000,0x0000000100000000)
 ParOldGen       total 87552K, used 1064K [0x0000000081400000, 0x0000000086980000, 0x00000000d5c00000)
  object space 87552K, 1% used [0x0000000081400000,0x000000008150a050,0x0000000086980000)
 Metaspace       used 3860K, capacity 4996K, committed 5120K, reserved 1056768K
  class space    used 398K, capacity 428K, committed 512K, reserved 1048576K
GC Heap History (10 events):
Event: 1221.217 GC heap before
{Heap before GC invocations=8791 (full 0):
 PSYoungGen      total 156672K, used 156256K [0x00000000d5c00000, 0x0000000100000000, 0x0000000100000000)
  eden space 156160K, 100% used [0x00000000d5c00000,0x00000000df480000,0x00000000df480000)
  from space 512K, 18% used [0x00000000fff80000,0x00000000fff98000,0x0000000100000000)
  to   space 512K, 0% used [0x00000000fff00000,0x00000000fff00000,0x00000000fff80000)
 ParOldGen       total 87552K, used 1064K [0x0000000081400000, 0x0000000086980000, 0x00000000d5c00000)
  object space 87552K, 1% used [0x0000000081400000,0x000000008150a050,0x0000000086980000)
 Metaspace       used 3849K, capacity 4996K, committed 5120K, reserved 1056768K
  class space    used 398K, capacity 428K, committed 512K, reserved 1048576K
Event: 1221.218 GC heap after
Heap after GC invocations=8791 (full 0):
 PSYoungGen      total 150528K, used 64K [0x00000000d5c00000, 0x0000000100000000, 0x0000000100000000)
  eden space 150016K, 0% used [0x00000000d5c00000,0x00000000d5c00000,0x00000000dee80000)
  from space 512K, 12% used [0x00000000fff00000,0x00000000fff10000,0x00000000fff80000)
  to   space 512K, 0% used [0x00000000fff80000,0x00000000fff80000,0x0000000100000000)
 ParOldGen       total 87552K, used 1064K [0x0000000081400000, 0x0000000086980000, 0x00000000d5c00000)
  object space 87552K, 1% used [0x0000000081400000,0x000000008150a050,0x0000000086980000)
 Metaspace       used 3849K, capacity 4996K, committed 5120K, reserved 1056768K
  class space    used 398K, capacity 428K, committed 512K, reserved 1048576K
}
Event: 1221.408 GC heap before
{Heap before GC invocations=8792 (full 0):
 PSYoungGen      total 150528K, used 150080K [0x00000000d5c00000, 0x0000000100000000, 0x0000000100000000)
  eden space 150016K, 100% used [0x00000000d5c00000,0x00000000dee80000,0x00000000dee80000)
  from space 512K, 12% used [0x00000000fff00000,0x00000000fff10000,0x00000000fff80000)
  to   space 512K, 0% used [0x00000000fff80000,0x00000000fff80000,0x0000000100000000)
 ParOldGen       total 87552K, used 1064K [0x0000000081400000, 0x0000000086980000, 0x00000000d5c00000)
  object space 87552K, 1% used [0x0000000081400000,0x000000008150a050,0x0000000086980000)
 Metaspace       used 3849K, capacity 4996K, committed 5120K, reserved 1056768K
  class space    used 398K, capacity 428K, committed 512K, reserved 1048576K
Event: 1221.408 GC heap after
Heap after GC invocations=8792 (full 0):
 PSYoungGen      total 144896K, used 96K [0x00000000d5c00000, 0x0000000100000000, 0x0000000100000000)
  eden space 144384K, 0% used [0x00000000d5c00000,0x00000000d5c00000,0x00000000de900000)
  from space 512K, 18% used [0x00000000fff80000,0x00000000fff98000,0x0000000100000000)
  to   space 512K, 0% used [0x00000000fff00000,0x00000000fff00000,0x00000000fff80000)
 ParOldGen       total 87552K, used 1064K [0x0000000081400000, 0x0000000086980000, 0x00000000d5c00000)
  object space 87552K, 1% used [0x0000000081400000,0x000000008150a050,0x0000000086980000)
 Metaspace       used 3849K, capacity 4996K, committed 5120K, reserved 1056768K
  class space    used 398K, capacity 428K, committed 512K, reserved 1048576K
}
Event: 1221.591 GC heap before
{Heap before GC invocations=8793 (full 0):
 PSYoungGen      total 144896K, used 144480K [0x00000000d5c00000, 0x0000000100000000, 0x0000000100000000)
  eden space 144384K, 100% used [0x00000000d5c00000,0x00000000de900000,0x00000000de900000)
  from space 512K, 18% used [0x00000000fff80000,0x00000000fff98000,0x0000000100000000)
  to   space 512K, 0% used [0x00000000fff00000,0x00000000fff00000,0x00000000fff80000)
 ParOldGen       total 87552K, used 1064K [0x0000000081400000, 0x0000000086980000, 0x00000000d5c00000)
  object space 87552K, 1% used [0x0000000081400000,0x000000008150a050,0x0000000086980000)
 Metaspace       used 3849K, capacity 4996K, committed 5120K, reserved 1056768K
  class space    used 398K, capacity 428K, committed 512K, reserved 1048576K
Event: 1221.592 GC heap after
Heap after GC invocations=8793 (full 0):
 PSYoungGen      total 139264K, used 64K [0x00000000d5c00000, 0x0000000100000000, 0x0000000100000000)
  eden space 138752K, 0% used [0x00000000d5c00000,0x00000000d5c00000,0x00000000de380000)
  from space 512K, 12% used [0x00000000fff00000,0x00000000fff10000,0x00000000fff80000)
  to   space 512K, 0% used [0x00000000fff80000,0x00000000fff80000,0x0000000100000000)
 ParOldGen       total 87552K, used 1064K [0x0000000081400000, 0x0000000086980000, 0x00000000d5c00000)
  object space 87552K, 1% used [0x0000000081400000,0x000000008150a050,0x0000000086980000)
 Metaspace       used 3849K, capacity 4996K, committed 5120K, reserved 1056768K
  class space    used 398K, capacity 428K, committed 512K, reserved 1048576K
}
Event: 1221.769 GC heap before
{Heap before GC invocations=8794 (full 0):
 PSYoungGen      total 139264K, used 138816K [0x00000000d5c00000, 0x0000000100000000, 0x0000000100000000)
  eden space 138752K, 100% used [0x00000000d5c00000,0x00000000de380000,0x00000000de380000)
  from space 512K, 12% used [0x00000000fff00000,0x00000000fff10000,0x00000000fff80000)
  to   space 512K, 0% used [0x00000000fff80000,0x00000000fff80000,0x0000000100000000)
 ParOldGen       total 87552K, used 1064K [0x0000000081400000, 0x0000000086980000, 0x00000000d5c00000)
  object space 87552K, 1% used [0x0000000081400000,0x000000008150a050,0x0000000086980000)
 Metaspace       used 3849K, capacity 4996K, committed 5120K, reserved 1056768K
  class space    used 398K, capacity 428K, committed 512K, reserved 1048576K
Event: 1221.769 GC heap after
Heap after GC invocations=8794 (full 0):
 PSYoungGen      total 134144K, used 64K [0x00000000d5c00000, 0x0000000100000000, 0x0000000100000000)
  eden space 133632K, 0% used [0x00000000d5c00000,0x00000000d5c00000,0x00000000dde80000)
  from space 512K, 12% used [0x00000000fff80000,0x00000000fff90000,0x0000000100000000)
  to   space 512K, 0% used [0x00000000fff00000,0x00000000fff00000,0x00000000fff80000)
 ParOldGen       total 87552K, used 1064K [0x0000000081400000, 0x0000000086980000, 0x00000000d5c00000)
  object space 87552K, 1% used [0x0000000081400000,0x000000008150a050,0x0000000086980000)
 Metaspace       used 3849K, capacity 4996K, committed 5120K, reserved 1056768K
  class space    used 398K, capacity 428K, committed 512K, reserved 1048576K
}
Event: 1221.946 GC heap before
{Heap before GC invocations=8795 (full 0):
 PSYoungGen      total 134144K, used 133696K [0x00000000d5c00000, 0x0000000100000000, 0x0000000100000000)
  eden space 133632K, 100% used [0x00000000d5c00000,0x00000000dde80000,0x00000000dde80000)
  from space 512K, 12% used [0x00000000fff80000,0x00000000fff90000,0x0000000100000000)
  to   space 512K, 0% used [0x00000000fff00000,0x00000000fff00000,0x00000000fff80000)
 ParOldGen       total 87552K, used 1064K [0x0000000081400000, 0x0000000086980000, 0x00000000d5c00000)
  object space 87552K, 1% used [0x0000000081400000,0x000000008150a050,0x0000000086980000)
 Metaspace       used 3849K, capacity 4996K, committed 5120K, reserved 1056768K
  class space    used 398K, capacity 428K, committed 512K, reserved 1048576K
Event: 1221.947 GC heap after
Heap after GC invocations=8795 (full 0):
 PSYoungGen      total 129024K, used 64K [0x00000000d5c00000, 0x0000000100000000, 0x0000000100000000)
  eden space 128512K, 0% used [0x00000000d5c00000,0x00000000d5c00000,0x00000000dd980000)
  from space 512K, 12% used [0x00000000fff00000,0x00000000fff10000,0x00000000fff80000)
  to   space 512K, 0% used [0x00000000fff80000,0x00000000fff80000,0x0000000100000000)
 ParOldGen       total 87552K, used 1064K [0x0000000081400000, 0x0000000086980000, 0x00000000d5c00000)
  object space 87552K, 1% used [0x0000000081400000,0x000000008150a050,0x0000000086980000)
 Metaspace       used 3849K, capacity 4996K, committed 5120K, reserved 1056768K
  class space    used 398K, capacity 428K, committed 512K, reserved 1048576K
}

